#
# An unexpected error has been detected by Java Runtime Environment:
#
#  EXCEPTION_ACCESS_VIOLATION (0xc0000005) at pc=0x6da21fc2, pid=3100, tid=3300
#
# Java VM: Java HotSpot(TM) Client VM (10.0-b19 mixed mode windows-x86)
# Problematic frame:
# V  [jvm.dll+0x1b1fc2]
#
# If you would like to submit a bug report, please visit:
#   http://java.sun.com/webapps/bugreport/crash.jsp
#

---------------  T H R E A D  ---------------

Current thread (0x0aae4000):  JavaThread "JDWP Transport Listener: dt_socket" daemon [_thread_in_vm, id=3300, stack(0x0ad80000,0x0add0000)]

siginfo: ExceptionCode=0xc0000005, reading address 0x0000000c

Registers:
EAX=0x00000000, EBX=0x0000000c, ECX=0x0000000c, EDX=0x00000000
ESP=0x0adcfc4c, EBP=0x6d42e93c, ESI=0x0000000c, EDI=0x0000000d
EIP=0x6da21fc2, EFLAGS=0x00010202

Top of Stack: (sp=0x0adcfc4c)
0x0adcfc4c:   0aae3ed8 0000000d 6da22003 0000000c
0x0adcfc5c:   0000000d 6d42e0fc 0aae3ed8 6d42e93c
0x0adcfc6c:   6d42e114 6d93e25d 0000000c 0000000d
0x0adcfc7c:   6d94e64f 02a0feb8 6d42e0fc 0aae40f4
0x0adcfc8c:   6d42e93c 6d42e114 0aae4000 00000000
0x0adcfc9c:   6d429b79 0aae40f4 0adcfce8 0aade858
0x0adcfcac:   0aade860 0aadec4c 6d4162bd 0aae4000
0x0adcfcbc:   0afeee58 00000000 0adcfce8 0adcfe84 

Instructions: (pc=0x6da21fc2)
0x6da21fb2:   7c 24 0c 33 c0 33 d2 85 ff 7e 2d 56 8b 74 24 0c
0x6da21fc2:   66 8b 0c 56 66 83 f9 01 72 09 66 83 f9 7f 77 03 


Stack: [0x0ad80000,0x0add0000],  sp=0x0adcfc4c,  free space=319k
Native frames: (J=compiled Java code, j=interpreted, Vv=VM code, C=native code)
V  [jvm.dll+0x1b1fc2]


---------------  P R O C E S S  ---------------

Java Threads: ( => current thread )
  0x0b075800 JavaThread "Thread-3" [_thread_blocked, id=2428, stack(0x0b950000,0x0b9a0000)]
  0x0b06d000 JavaThread "Thread-2" [_thread_blocked, id=2548, stack(0x0b8b0000,0x0b900000)]
  0x0b051c00 JavaThread "TimerQueue" daemon [_thread_blocked, id=2412, stack(0x0b860000,0x0b8b0000)]
  0x003d5800 JavaThread "DestroyJavaVM" [_thread_blocked, id=1248, stack(0x008c0000,0x00910000)]
  0x0af9a400 JavaThread "AWT-EventQueue-0" [_thread_blocked, id=3548, stack(0x0b300000,0x0b350000)]
  0x0af98c00 JavaThread "AWT-Windows" daemon [_thread_in_native, id=1960, stack(0x0b260000,0x0b2b0000)]
  0x0af97800 JavaThread "AWT-Shutdown" [_thread_blocked, id=1072, stack(0x0b210000,0x0b260000)]
  0x0af96800 JavaThread "Java2D Disposer" daemon [_thread_blocked, id=3752, stack(0x0b1c0000,0x0b210000)]
  0x0ab00000 JavaThread "Low Memory Detector" daemon [_thread_blocked, id=3540, stack(0x0aec0000,0x0af10000)]
  0x0aaf5400 JavaThread "CompilerThread0" daemon [_thread_blocked, id=740, stack(0x0ae70000,0x0aec0000)]
  0x0aae7400 JavaThread "JDWP Command Reader" daemon [_thread_in_native, id=3504, stack(0x0ae20000,0x0ae70000)]
  0x0aae6000 JavaThread "JDWP Event Helper Thread" daemon [_thread_blocked, id=3820, stack(0x0add0000,0x0ae20000)]
=>0x0aae4000 JavaThread "JDWP Transport Listener: dt_socket" daemon [_thread_in_vm, id=3300, stack(0x0ad80000,0x0add0000)]
  0x0aad9000 JavaThread "Attach Listener" daemon [_thread_blocked, id=2712, stack(0x0ac90000,0x0ace0000)]
  0x0aad8400 JavaThread "Signal Dispatcher" daemon [_thread_blocked, id=3508, stack(0x0ac40000,0x0ac90000)]
  0x0aac9000 JavaThread "Finalizer" daemon [_thread_blocked, id=796, stack(0x0abf0000,0x0ac40000)]
  0x0aac4800 JavaThread "Reference Handler" daemon [_thread_blocked, id=2852, stack(0x0aba0000,0x0abf0000)]

Other Threads:
  0x0aac1800 VMThread [stack: 0x0ab50000,0x0aba0000] [id=348]
  0x0ab01000 WatcherThread [stack: 0x0af10000,0x0af60000] [id=4008]

VM state:not at safepoint (normal execution)

VM Mutex/Monitor currently owned by a thread: None

Heap
 def new generation   total 960K, used 452K [0x029b0000, 0x02ab0000, 0x02e90000)
  eden space 896K,  43% used [0x029b0000, 0x02a11098, 0x02a90000)
  from space 64K, 100% used [0x02a90000, 0x02aa0000, 0x02aa0000)
  to   space 64K,   0% used [0x02aa0000, 0x02aa0000, 0x02ab0000)
 tenured generation   total 4096K, used 2290K [0x02e90000, 0x03290000, 0x069b0000)
   the space 4096K,  55% used [0x02e90000, 0x030ccb78, 0x030ccc00, 0x03290000)
 compacting perm gen  total 12288K, used 9381K [0x069b0000, 0x075b0000, 0x0a9b0000)
   the space 12288K,  76% used [0x069b0000, 0x072d9588, 0x072d9600, 0x075b0000)
No shared spaces configured.

Dynamic libraries:
0x00400000 - 0x00423000 	C:\Program Files\Java\jdk1.6.0_04\bin\javaw.exe
0x7c900000 - 0x7c9b0000 	C:\WINDOWS\system32\ntdll.dll
0x7c800000 - 0x7c8f5000 	C:\WINDOWS\system32\kernel32.dll
0x77dd0000 - 0x77e6b000 	C:\WINDOWS\system32\ADVAPI32.dll
0x77e70000 - 0x77f01000 	C:\WINDOWS\system32\RPCRT4.dll
0x7e410000 - 0x7e4a1000 	C:\WINDOWS\system32\USER32.dll
0x77f10000 - 0x77f57000 	C:\WINDOWS\system32\GDI32.dll
0x7c340000 - 0x7c396000 	C:\Program Files\Java\jdk1.6.0_04\jre\bin\msvcr71.dll
0x6d870000 - 0x6dac0000 	C:\Program Files\Java\jdk1.6.0_04\jre\bin\client\jvm.dll
0x76b40000 - 0x76b6d000 	C:\WINDOWS\system32\WINMM.dll
0x6d320000 - 0x6d328000 	C:\Program Files\Java\jdk1.6.0_04\jre\bin\hpi.dll
0x76bf0000 - 0x76bfb000 	C:\WINDOWS\system32\PSAPI.DLL
0x6d410000 - 0x6d439000 	C:\Program Files\Java\jdk1.6.0_04\jre\bin\jdwp.dll
0x6d770000 - 0x6d776000 	C:\Program Files\Java\jdk1.6.0_04\jre\bin\npt.dll
0x6d820000 - 0x6d82c000 	C:\Program Files\Java\jdk1.6.0_04\jre\bin\verify.dll
0x6d3c0000 - 0x6d3df000 	C:\Program Files\Java\jdk1.6.0_04\jre\bin\java.dll
0x6d860000 - 0x6d86f000 	C:\Program Files\Java\jdk1.6.0_04\jre\bin\zip.dll
0x6d290000 - 0x6d297000 	C:\Program Files\Java\jdk1.6.0_04\jre\bin\dt_socket.dll
0x71ab0000 - 0x71ac7000 	C:\WINDOWS\system32\WS2_32.dll
0x77c10000 - 0x77c68000 	C:\WINDOWS\system32\msvcrt.dll
0x71aa0000 - 0x71aa8000 	C:\WINDOWS\system32\WS2HELP.dll
0x71a50000 - 0x71a8f000 	C:\WINDOWS\System32\mswsock.dll
0x76f20000 - 0x76f47000 	C:\WINDOWS\system32\DNSAPI.dll
0x76fb0000 - 0x76fb8000 	C:\WINDOWS\System32\winrnr.dll
0x76f60000 - 0x76f8c000 	C:\WINDOWS\system32\WLDAP32.dll
0x76fc0000 - 0x76fc6000 	C:\WINDOWS\system32\rasadhlp.dll
0x662b0000 - 0x66308000 	C:\WINDOWS\system32\hnetcfg.dll
0x71a90000 - 0x71a98000 	C:\WINDOWS\System32\wshtcpip.dll
0x6d0b0000 - 0x6d1de000 	C:\Program Files\Java\jdk1.6.0_04\jre\bin\awt.dll
0x73000000 - 0x73026000 	C:\WINDOWS\system32\WINSPOOL.DRV
0x76390000 - 0x763ad000 	C:\WINDOWS\system32\IMM32.dll
0x774e0000 - 0x7761d000 	C:\WINDOWS\system32\ole32.dll
0x5ad70000 - 0x5ada8000 	C:\WINDOWS\system32\uxtheme.dll
0x73760000 - 0x737a9000 	C:\WINDOWS\system32\ddraw.dll
0x73bc0000 - 0x73bc6000 	C:\WINDOWS\system32\DCIMAN32.dll
0x74720000 - 0x7476b000 	C:\WINDOWS\system32\MSCTF.dll
0x7c9c0000 - 0x7d1d7000 	C:\WINDOWS\system32\shell32.dll
0x77f60000 - 0x77fd6000 	C:\WINDOWS\system32\SHLWAPI.dll
0x773d0000 - 0x774d3000 	C:\WINDOWS\WinSxS\x86_Microsoft.Windows.Common-Controls_6595b64144ccf1df_6.0.2600.2982_x-ww_ac3f9c03\comctl32.dll
0x5d090000 - 0x5d12a000 	C:\WINDOWS\system32\comctl32.dll
0x6d2c0000 - 0x6d313000 	C:\Program Files\Java\jdk1.6.0_04\jre\bin\fontmanager.dll
0x6d620000 - 0x6d633000 	C:\Program Files\Java\jdk1.6.0_04\jre\bin\net.dll
0x6d640000 - 0x6d649000 	C:\Program Files\Java\jdk1.6.0_04\jre\bin\nio.dll
0x605d0000 - 0x605d9000 	C:\WINDOWS\system32\mslbui.dll

VM Arguments:
jvm_args: -agentlib:jdwp=transport=dt_socket,suspend=y,address=localhost:2109 
java_command: JEMClient.JEMClientMain
Launcher Type: SUN_STANDARD

Environment Variables:
JAVA_HOME=C:\Program Files\Java\jdk1.6.0_04
PATH=C:\Program Files\Java\jdk1.6.0_04\jre\bin;C:\WINDOWS\system32;C:\WINDOWS;C:\WINDOWS\System32\Wbem;C:\Program Files\MySQL\MySQL Server 5.0\bin;C:\Program Files\CVSNT\;C:\tools\apache-ant-1.7.0\bin
USERNAME=v068554
OS=Windows_NT
PROCESSOR_IDENTIFIER=x86 Family 6 Model 15 Stepping 11, GenuineIntel



---------------  S Y S T E M  ---------------

OS: Windows XP Build 2600 Service Pack 2

CPU:total 2 (2 cores per cpu, 1 threads per core) family 6 model 15 stepping 11, cmov, cx8, fxsr, mmx, sse, sse2, sse3, ssse3

Memory: 4k page, physical 2097151k(2097151k free), swap 4194303k(4194303k free)

vm_info: Java HotSpot(TM) Client VM (10.0-b19) for windows-x86 JRE (1.6.0_04-b12), built on Dec 14 2007 00:51:20 by "java_re" with MS VC++ 7.1

time: Tue Apr 15 14:21:06 2008
elapsed time: 93 seconds

